<?xml version="1.0" encoding="UTF-8"?>
<!-- Generated by org.testng.reporters.JUnitXMLReporter -->
<testsuite ignored="0" hostname="mandeeps-MacBook-Air.local" failures="3" tests="9" name="Student Dashboard" time="238.827" errors="0" timestamp="2022-09-09T19:00:51 IST">
  <testcase classname="hybridWeb.crm.qa.testcases.LoginPageTest" name="login" time="5.3"/>
  <testcase classname="hybridWeb.crm.qa.testcases.dashboardPageTest" name="verfifydashTitleTest" time="2.135"/>
  <testcase classname="hybridWeb.crm.qa.testcases.dashboardPageTest" name="verifydashTextTest" time="1.527"/>
  <testcase classname="hybridWeb.crm.qa.testcases.dashboardPageTest" name="verifydashUserTest" time="1.283">
    <failure type="java.lang.AssertionError" message="username of dashboard didnt match expected [Your Dashboard learningpython11@gmail.com] but found [Your Dashboard
learningpython11@gmail.com]">
      <![CDATA[java.lang.AssertionError: username of dashboard didnt match expected [Your Dashboard learningpython11@gmail.com] but found [Your Dashboard
learningpython11@gmail.com]
at hybridWeb.crm.qa.testcases.dashboardPageTest.verifydashUserTest(dashboardPageTest.java:62)
at java.base/java.util.ArrayList.forEach(ArrayList.java:1511)
... Removed 32 stack frames]]>
    </failure>
  </testcase> <!-- verifydashUserTest -->
  <testcase classname="hybridWeb.crm.qa.testcases.dashboardPageTest" name="verifycurriculumLinkTest" time="2.849"/>
  <testcase classname="hybridWeb.crm.qa.testcases.CurriculumPageTest" name="verfifycuriculumTitleTest" time="0.034"/>
  <testcase classname="hybridWeb.crm.qa.testcases.CurriculumPageTest" name="verfifygradeTest" time="0.086">
    <failure type="java.lang.AssertionError" message="grade not matched expected [Grades 5-6] but found [Grades 3-4]">
      <![CDATA[java.lang.AssertionError: grade not matched expected [Grades 5-6] but found [Grades 3-4]
at hybridWeb.crm.qa.testcases.CurriculumPageTest.verfifygradeTest(CurriculumPageTest.java:56)
at java.base/java.util.ArrayList.forEach(ArrayList.java:1511)
... Removed 32 stack frames]]>
    </failure>
  </testcase> <!-- verfifygradeTest -->
  <testcase classname="hybridWeb.crm.qa.testcases.CurriculumPageTest" name="verifydownloadcurrTest" time="0.149"/>
  <testcase classname="hybridWeb.crm.qa.testcases.CurriculumPageTest" name="verifyPayMonthlyRadioTest" time="1.906">
    <failure type="org.openqa.selenium.ElementClickInterceptedException" message="element click intercepted: Element is not clickable at point (876, 991)
  (Session info: chrome=105.0.5195.102)
Build info: version: &amp;apos;4.4.0&amp;apos;, revision: &amp;apos;e5c75ed026a&amp;apos;
System info: host: &amp;apos;mandeeps-MacBook-Air.local&amp;apos;, ip: &amp;apos;2401:4900:1f33:aa9c:4d5:146c:d7bf:cd62%en0&amp;apos;, os.name: &amp;apos;Mac OS X&amp;apos;, os.arch: &amp;apos;x86_64&amp;apos;, os.version: &amp;apos;11.5.2&amp;apos;, java.version: &amp;apos;17.0.1&amp;apos;
Driver info: org.openqa.selenium.chrome.ChromeDriver
Command: [5e7fc8cf61ecd3c8ddbeef707f9807bc, clickElement {id=98d2dcff-e55e-4742-ad87-08c75e232701}]
Capabilities {acceptInsecureCerts: false, browserName: chrome, browserVersion: 105.0.5195.102, chrome: {chromedriverVersion: 104.0.5112.79 (3cf3e8c8a07d..., userDataDir: /var/folders/g3/l59l2wlx2jx...}, goog:chromeOptions: {debuggerAddress: localhost:56883}, networkConnectionEnabled: false, pageLoadStrategy: normal, platformName: MAC, proxy: Proxy(), se:cdp: ws://localhost:56883/devtoo..., se:cdpVersion: 105.0.5195.102, setWindowRect: true, strictFileInteractability: false, timeouts: {implicit: 0, pageLoad: 300000, script: 30000}, unhandledPromptBehavior: dismiss and notify, webauthn:extension:credBlob: true, webauthn:extension:largeBlob: true, webauthn:virtualAuthenticators: true}
Element: [[ChromeDriver: chrome on MAC (5e7fc8cf61ecd3c8ddbeef707f9807bc)] -&amp;gt; css selector: input.css-1gy22ay[value=&amp;quot;MONTHLY&amp;quot;]]
Session ID: 5e7fc8cf61ecd3c8ddbeef707f9807bc">
      <![CDATA[org.openqa.selenium.ElementClickInterceptedException: element click intercepted: Element is not clickable at point (876, 991)
  (Session info: chrome=105.0.5195.102)
Build info: version: '4.4.0', revision: 'e5c75ed026a'
System info: host: 'mandeeps-MacBook-Air.local', ip: '2401:4900:1f33:aa9c:4d5:146c:d7bf:cd62%en0', os.name: 'Mac OS X', os.arch: 'x86_64', os.version: '11.5.2', java.version: '17.0.1'
Driver info: org.openqa.selenium.chrome.ChromeDriver
Command: [5e7fc8cf61ecd3c8ddbeef707f9807bc, clickElement {id=98d2dcff-e55e-4742-ad87-08c75e232701}]
Capabilities {acceptInsecureCerts: false, browserName: chrome, browserVersion: 105.0.5195.102, chrome: {chromedriverVersion: 104.0.5112.79 (3cf3e8c8a07d..., userDataDir: /var/folders/g3/l59l2wlx2jx...}, goog:chromeOptions: {debuggerAddress: localhost:56883}, networkConnectionEnabled: false, pageLoadStrategy: normal, platformName: MAC, proxy: Proxy(), se:cdp: ws://localhost:56883/devtoo..., se:cdpVersion: 105.0.5195.102, setWindowRect: true, strictFileInteractability: false, timeouts: {implicit: 0, pageLoad: 300000, script: 30000}, unhandledPromptBehavior: dismiss and notify, webauthn:extension:credBlob: true, webauthn:extension:largeBlob: true, webauthn:virtualAuthenticators: true}
Element: [[ChromeDriver: chrome on MAC (5e7fc8cf61ecd3c8ddbeef707f9807bc)] -> css selector: input.css-1gy22ay[value="MONTHLY"]]
Session ID: 5e7fc8cf61ecd3c8ddbeef707f9807bc
at org.openqa.selenium.remote.codec.w3c.W3CHttpResponseCodec.createException(W3CHttpResponseCodec.java:200)
at org.openqa.selenium.remote.codec.w3c.W3CHttpResponseCodec.decode(W3CHttpResponseCodec.java:133)
at org.openqa.selenium.remote.codec.w3c.W3CHttpResponseCodec.decode(W3CHttpResponseCodec.java:53)
at org.openqa.selenium.remote.HttpCommandExecutor.execute(HttpCommandExecutor.java:184)
at org.openqa.selenium.remote.service.DriverCommandExecutor.invokeExecute(DriverCommandExecutor.java:167)
at org.openqa.selenium.remote.service.DriverCommandExecutor.execute(DriverCommandExecutor.java:142)
at org.openqa.selenium.remote.RemoteWebDriver.execute(RemoteWebDriver.java:547)
at org.openqa.selenium.remote.RemoteWebElement.execute(RemoteWebElement.java:257)
at org.openqa.selenium.remote.RemoteWebElement.click(RemoteWebElement.java:78)
at org.openqa.selenium.support.events.EventFiringWebDriver$EventFiringWebElement.lambda$new$0(EventFiringWebDriver.java:377)
at jdk.proxy2/jdk.proxy2.$Proxy20.click(Unknown Source)
at org.openqa.selenium.support.events.EventFiringWebDriver$EventFiringWebElement.click(EventFiringWebDriver.java:390)
at org.openqa.selenium.support.pagefactory.internal.LocatingElementHandler.invoke(LocatingElementHandler.java:52)
at jdk.proxy2/jdk.proxy2.$Proxy19.click(Unknown Source)
at hybridWeb.crm.qa.pages.curriculumPage.checkradiopaymonthly(curriculumPage.java:49)
at hybridWeb.crm.qa.testcases.CurriculumPageTest.verifyPayMonthlyRadioTest(CurriculumPageTest.java:69)
at java.base/java.util.ArrayList.forEach(ArrayList.java:1511)
... Removed 38 stack frames]]>
    </failure>
  </testcase> <!-- verifyPayMonthlyRadioTest -->
</testsuite> <!-- Student Dashboard -->
