<!DOCTYPE html PUBLIC "-//W3C//DTD XHTML 1.1//EN" "https://www.w3.org/TR/xhtml11/DTD/xhtml11.dtd">
<html xmlns="https://www.w3.org/1999/xhtml">
<head>
<meta http-equiv="content-type" content="text/html; charset=UTF-8"/>
<title>TestNG Report</title>
<style type="text/css">table {margin-bottom:10px;border-collapse:collapse;empty-cells:show}th,td {border:1px solid #009;padding:.25em .5em}th {vertical-align:bottom}td {vertical-align:top}table a {font-weight:bold}.stripe td {background-color: #E6EBF9}.num {text-align:right}.passedodd td {background-color: #3F3}.passedeven td {background-color: #0A0}.skippedodd td {background-color: #DDD}.skippedeven td {background-color: #CCC}.failedodd td,.attn {background-color: #F33}.failedeven td,.stripe .attn {background-color: #D00}.stacktrace {white-space:pre;font-family:monospace}.totop {font-size:85%;text-align:center;border-bottom:2px solid #000}.invisible {display:none}</style>
</head>
<body>
<table>
<tr><th>Test</th><th># Passed</th><th># Skipped</th><th># Retried</th><th># Failed</th><th>Time (ms)</th><th>Included Groups</th><th>Excluded Groups</th></tr>
<tr><th colspan="8">Surefire suite</th></tr>
<tr><td><a href="#t0">Surefire test</a></td><td class="num">9</td><td class="num">0</td><td class="num">0</td><td class="num attn">3</td><td class="num">314,180</td><td></td><td></td></tr>
</table>
<table id='summary'><thead><tr><th>Class</th><th>Method</th><th>Start</th><th>Time (ms)</th></tr></thead><tbody><tr><th colspan="4">Surefire suite</th></tr></tbody><tbody id="t0"><tr><th colspan="4">Surefire test &#8212; failed</th></tr><tr class="failedeven"><td rowspan="2">hybridWeb.crm.qa.testcases.CurriculumPageTest</td><td><a href="#m0">verfifygradeTest</a></td><td rowspan="1">1662737781793</td><td rowspan="1">83</td></tr><tr class="failedeven"><td><a href="#m1">verifyPayMonthlyRadioTest</a></td><td rowspan="1">1662737837614</td><td rowspan="1">1945</td></tr><tr class="failedodd"><td rowspan="1">hybridWeb.crm.qa.testcases.dashboardPageTest</td><td><a href="#m2">verifydashUserTest</a></td><td rowspan="1">1662737704940</td><td rowspan="1">1846</td></tr><tr><th colspan="4">Surefire test &#8212; passed</th></tr><tr class="passedeven"><td rowspan="2">hybridWeb.crm.qa.testcases.CurriculumPageTest</td><td><a href="#m3">verfifycuriculumTitleTest</a></td><td rowspan="1">1662737755718</td><td rowspan="1">35</td></tr><tr class="passedeven"><td><a href="#m4">verifydownloadcurrTest</a></td><td rowspan="1">1662737807566</td><td rowspan="1">167</td></tr><tr class="passedodd"><td rowspan="1">hybridWeb.crm.qa.testcases.LoginPageTest</td><td><a href="#m5">login</a></td><td rowspan="1">1662737855323</td><td rowspan="1">6503</td></tr><tr class="passedeven"><td rowspan="3">hybridWeb.crm.qa.testcases.SignUpPageTest</td><td><a href="#m6">verifySignupTest</a></td><td rowspan="3">1662737577404</td><td rowspan="3">3597</td></tr><tr class="passedeven"><td><a href="#m7">verifySignupTest</a></td></tr><tr class="passedeven"><td><a href="#m8">verifySignupTest</a></td></tr><tr class="passedodd"><td rowspan="3">hybridWeb.crm.qa.testcases.dashboardPageTest</td><td><a href="#m9">verfifydashTitleTest</a></td><td rowspan="1">1662737654025</td><td rowspan="1">3364</td></tr><tr class="passedodd"><td><a href="#m10">verifycurriculumLinkTest</a></td><td rowspan="1">1662737728093</td><td rowspan="1">2533</td></tr><tr class="passedodd"><td><a href="#m11">verifydashTextTest</a></td><td rowspan="1">1662737681620</td><td rowspan="1">2196</td></tr></tbody>
</table>
<h2>Surefire test</h2><h3 id="m0">hybridWeb.crm.qa.testcases.CurriculumPageTest#verfifygradeTest</h3><table class="result"><tr><th>Exception</th></tr><tr><td><div class="stacktrace">java.lang.AssertionError: grade not matched expected [Grades 5-6] but found [Grades 3-4]
	at hybridWeb.crm.qa.testcases.CurriculumPageTest.verfifygradeTest(CurriculumPageTest.java:56)
	at java.base/java.util.ArrayList.forEach(ArrayList.java:1511)
... Removed 37 stack frames</div></td></tr></table><p class="totop"><a href="#summary">back to summary</a></p>
<h3 id="m1">hybridWeb.crm.qa.testcases.CurriculumPageTest#verifyPayMonthlyRadioTest</h3><table class="result"><tr><th>Exception</th></tr><tr><td><div class="stacktrace">org.openqa.selenium.ElementClickInterceptedException: element click intercepted: Element is not clickable at point (876, 991)
  (Session info: chrome=105.0.5195.102)
Build info: version: &apos;4.4.0&apos;, revision: &apos;e5c75ed026a&apos;
System info: host: &apos;mandeeps-MacBook-Air.local&apos;, ip: &apos;2401:4900:1f33:aa9c:4d5:146c:d7bf:cd62%en0&apos;, os.name: &apos;Mac OS X&apos;, os.arch: &apos;x86_64&apos;, os.version: &apos;11.5.2&apos;, java.version: &apos;17.0.1&apos;
Driver info: org.openqa.selenium.chrome.ChromeDriver
Command: [0b3094a7615327dba598b6dbfa4ee326, clickElement {id=4e5bef1a-106e-467d-a5c6-62133cefc49c}]
Capabilities {acceptInsecureCerts: false, browserName: chrome, browserVersion: 105.0.5195.102, chrome: {chromedriverVersion: 104.0.5112.79 (3cf3e8c8a07d..., userDataDir: /var/folders/g3/l59l2wlx2jx...}, goog:chromeOptions: {debuggerAddress: localhost:50087}, networkConnectionEnabled: false, pageLoadStrategy: normal, platformName: MAC, proxy: Proxy(), se:cdp: ws://localhost:50087/devtoo..., se:cdpVersion: 105.0.5195.102, setWindowRect: true, strictFileInteractability: false, timeouts: {implicit: 0, pageLoad: 300000, script: 30000}, unhandledPromptBehavior: dismiss and notify, webauthn:extension:credBlob: true, webauthn:extension:largeBlob: true, webauthn:virtualAuthenticators: true}
Element: [[ChromeDriver: chrome on MAC (0b3094a7615327dba598b6dbfa4ee326)] -&gt; css selector: input.css-1gy22ay[value=&quot;MONTHLY&quot;]]
Session ID: 0b3094a7615327dba598b6dbfa4ee326
	at org.openqa.selenium.remote.codec.w3c.W3CHttpResponseCodec.createException(W3CHttpResponseCodec.java:200)
	at org.openqa.selenium.remote.codec.w3c.W3CHttpResponseCodec.decode(W3CHttpResponseCodec.java:133)
	at org.openqa.selenium.remote.codec.w3c.W3CHttpResponseCodec.decode(W3CHttpResponseCodec.java:53)
	at org.openqa.selenium.remote.HttpCommandExecutor.execute(HttpCommandExecutor.java:184)
	at org.openqa.selenium.remote.service.DriverCommandExecutor.invokeExecute(DriverCommandExecutor.java:167)
	at org.openqa.selenium.remote.service.DriverCommandExecutor.execute(DriverCommandExecutor.java:142)
	at org.openqa.selenium.remote.RemoteWebDriver.execute(RemoteWebDriver.java:547)
	at org.openqa.selenium.remote.RemoteWebElement.execute(RemoteWebElement.java:257)
	at org.openqa.selenium.remote.RemoteWebElement.click(RemoteWebElement.java:78)
	at org.openqa.selenium.support.events.EventFiringWebDriver$EventFiringWebElement.lambda$new$0(EventFiringWebDriver.java:377)
	at jdk.proxy2/jdk.proxy2.$Proxy21.click(Unknown Source)
	at org.openqa.selenium.support.events.EventFiringWebDriver$EventFiringWebElement.click(EventFiringWebDriver.java:390)
	at org.openqa.selenium.support.pagefactory.internal.LocatingElementHandler.invoke(LocatingElementHandler.java:52)
	at jdk.proxy2/jdk.proxy2.$Proxy20.click(Unknown Source)
	at hybridWeb.crm.qa.pages.curriculumPage.checkradiopaymonthly(curriculumPage.java:49)
	at hybridWeb.crm.qa.testcases.CurriculumPageTest.verifyPayMonthlyRadioTest(CurriculumPageTest.java:69)
	at java.base/java.util.ArrayList.forEach(ArrayList.java:1511)
... Removed 43 stack frames</div></td></tr></table><p class="totop"><a href="#summary">back to summary</a></p>
<h3 id="m2">hybridWeb.crm.qa.testcases.dashboardPageTest#verifydashUserTest</h3><table class="result"><tr><th>Exception</th></tr><tr><td><div class="stacktrace">java.lang.AssertionError: username of dashboard didnt match expected [Your Dashboard learningpython11@gmail.com] but found [Your Dashboard
learningpython11@gmail.com]
	at hybridWeb.crm.qa.testcases.dashboardPageTest.verifydashUserTest(dashboardPageTest.java:62)
	at java.base/java.util.ArrayList.forEach(ArrayList.java:1511)
... Removed 37 stack frames</div></td></tr></table><p class="totop"><a href="#summary">back to summary</a></p>
<h3 id="m3">hybridWeb.crm.qa.testcases.CurriculumPageTest#verfifycuriculumTitleTest</h3><table class="result"><tr><th class="invisible"/></tr></table><p class="totop"><a href="#summary">back to summary</a></p>
<h3 id="m4">hybridWeb.crm.qa.testcases.CurriculumPageTest#verifydownloadcurrTest</h3><table class="result"><tr><th class="invisible"/></tr></table><p class="totop"><a href="#summary">back to summary</a></p>
<h3 id="m5">hybridWeb.crm.qa.testcases.LoginPageTest#login</h3><table class="result"><tr><th class="invisible"/></tr></table><p class="totop"><a href="#summary">back to summary</a></p>
<h3 id="m6">hybridWeb.crm.qa.testcases.SignUpPageTest#verifySignupTest</h3><table class="result"><tr class="param"><th>Parameter #1</th><th>Parameter #2</th><th>Parameter #3</th></tr><tr class="param stripe"><td>testUserAuto1</td><td>9.880000001E9</td><td>auto.user1@gmail.com</td></tr></table><p class="totop"><a href="#summary">back to summary</a></p>
<h3 id="m7">hybridWeb.crm.qa.testcases.SignUpPageTest#verifySignupTest</h3><table class="result"><tr class="param"><th>Parameter #1</th><th>Parameter #2</th><th>Parameter #3</th></tr><tr class="param stripe"><td>testUserAuto2</td><td>9.880000002E9</td><td>auto.user2@gmail.com</td></tr></table><p class="totop"><a href="#summary">back to summary</a></p>
<h3 id="m8">hybridWeb.crm.qa.testcases.SignUpPageTest#verifySignupTest</h3><table class="result"><tr class="param"><th>Parameter #1</th><th>Parameter #2</th><th>Parameter #3</th></tr><tr class="param stripe"><td>testUserAuto3</td><td>9.880000003E9</td><td>auto.user3@gmail.com</td></tr></table><p class="totop"><a href="#summary">back to summary</a></p>
<h3 id="m9">hybridWeb.crm.qa.testcases.dashboardPageTest#verfifydashTitleTest</h3><table class="result"><tr><th class="invisible"/></tr></table><p class="totop"><a href="#summary">back to summary</a></p>
<h3 id="m10">hybridWeb.crm.qa.testcases.dashboardPageTest#verifycurriculumLinkTest</h3><table class="result"><tr><th class="invisible"/></tr></table><p class="totop"><a href="#summary">back to summary</a></p>
<h3 id="m11">hybridWeb.crm.qa.testcases.dashboardPageTest#verifydashTextTest</h3><table class="result"><tr><th class="invisible"/></tr></table><p class="totop"><a href="#summary">back to summary</a></p>
</body>
</html>
