<?xml version="1.0" encoding="UTF-8"?>
<testng-results ignored="0" total="9" passed="6" failed="3" skipped="0">
  <reporter-output>
  </reporter-output>
  <suite started-at="2022-09-09T18:56:47 IST" name="Campk12" finished-at="2022-09-09T19:00:46 IST" duration-ms="238827">
    <groups>
    </groups>
    <test started-at="2022-09-09T18:56:47 IST" name="Student Dashboard" finished-at="2022-09-09T19:00:46 IST" duration-ms="238827">
      <class name="hybridWeb.crm.qa.testcases.CurriculumPageTest">
        <test-method is-config="true" signature="setup()[pri:0, instance:hybridWeb.crm.qa.testcases.CurriculumPageTest@5c30a9b0]" started-at="2022-09-09T18:58:56 IST" name="setup" finished-at="2022-09-09T18:59:22 IST" duration-ms="26294" status="PASS">
          <reporter-output>
          </reporter-output>
        </test-method> <!-- setup -->
        <test-method signature="verfifycuriculumTitleTest()[pri:1, instance:hybridWeb.crm.qa.testcases.CurriculumPageTest@5c30a9b0]" started-at="2022-09-09T18:59:22 IST" name="verfifycuriculumTitleTest" finished-at="2022-09-09T18:59:22 IST" duration-ms="34" status="PASS">
          <reporter-output>
          </reporter-output>
        </test-method> <!-- verfifycuriculumTitleTest -->
        <test-method is-config="true" signature="teardown()[pri:0, instance:hybridWeb.crm.qa.testcases.CurriculumPageTest@5c30a9b0]" started-at="2022-09-09T18:59:22 IST" name="teardown" finished-at="2022-09-09T18:59:22 IST" duration-ms="130" status="PASS">
          <reporter-output>
          </reporter-output>
        </test-method> <!-- teardown -->
        <test-method is-config="true" signature="setup()[pri:0, instance:hybridWeb.crm.qa.testcases.CurriculumPageTest@5c30a9b0]" started-at="2022-09-09T18:59:22 IST" name="setup" finished-at="2022-09-09T18:59:48 IST" duration-ms="25688" status="PASS">
          <reporter-output>
          </reporter-output>
        </test-method> <!-- setup -->
        <test-method signature="verfifygradeTest()[pri:2, instance:hybridWeb.crm.qa.testcases.CurriculumPageTest@5c30a9b0]" started-at="2022-09-09T18:59:48 IST" name="verfifygradeTest" finished-at="2022-09-09T18:59:48 IST" duration-ms="86" status="FAIL">
          <exception class="java.lang.AssertionError">
            <message>
              <![CDATA[grade not matched expected [Grades 5-6] but found [Grades 3-4]]]>
            </message>
            <full-stacktrace>
              <![CDATA[java.lang.AssertionError: grade not matched expected [Grades 5-6] but found [Grades 3-4]
at org.testng.Assert.fail(Assert.java:99)
at org.testng.Assert.failNotEquals(Assert.java:1037)
at org.testng.Assert.assertEqualsImpl(Assert.java:140)
at org.testng.Assert.assertEquals(Assert.java:122)
at org.testng.Assert.assertEquals(Assert.java:629)
at hybridWeb.crm.qa.testcases.CurriculumPageTest.verfifygradeTest(CurriculumPageTest.java:56)
at java.base/jdk.internal.reflect.NativeMethodAccessorImpl.invoke0(Native Method)
at java.base/jdk.internal.reflect.NativeMethodAccessorImpl.invoke(NativeMethodAccessorImpl.java:77)
at java.base/jdk.internal.reflect.DelegatingMethodAccessorImpl.invoke(DelegatingMethodAccessorImpl.java:43)
at java.base/java.lang.reflect.Method.invoke(Method.java:568)
at org.testng.internal.MethodInvocationHelper.invokeMethod(MethodInvocationHelper.java:133)
at org.testng.internal.TestInvoker.invokeMethod(TestInvoker.java:598)
at org.testng.internal.TestInvoker.invokeTestMethod(TestInvoker.java:173)
at org.testng.internal.MethodRunner.runInSequence(MethodRunner.java:46)
at org.testng.internal.TestInvoker$MethodInvocationAgent.invoke(TestInvoker.java:824)
at org.testng.internal.TestInvoker.invokeTestMethods(TestInvoker.java:146)
at org.testng.internal.TestMethodWorker.invokeTestMethods(TestMethodWorker.java:146)
at org.testng.internal.TestMethodWorker.run(TestMethodWorker.java:128)
at java.base/java.util.ArrayList.forEach(ArrayList.java:1511)
at org.testng.TestRunner.privateRun(TestRunner.java:794)
at org.testng.TestRunner.run(TestRunner.java:596)
at org.testng.SuiteRunner.runTest(SuiteRunner.java:377)
at org.testng.SuiteRunner.runSequentially(SuiteRunner.java:371)
at org.testng.SuiteRunner.privateRun(SuiteRunner.java:332)
at org.testng.SuiteRunner.run(SuiteRunner.java:276)
at org.testng.SuiteRunnerWorker.runSuite(SuiteRunnerWorker.java:53)
at org.testng.SuiteRunnerWorker.run(SuiteRunnerWorker.java:96)
at org.testng.TestNG.runSuitesSequentially(TestNG.java:1212)
at org.testng.TestNG.runSuitesLocally(TestNG.java:1134)
at org.testng.TestNG.runSuites(TestNG.java:1063)
at org.testng.TestNG.run(TestNG.java:1031)
at org.testng.remote.AbstractRemoteTestNG.run(AbstractRemoteTestNG.java:115)
at org.testng.remote.RemoteTestNG.initAndRun(RemoteTestNG.java:251)
at org.testng.remote.RemoteTestNG.main(RemoteTestNG.java:77)
]]>
            </full-stacktrace>
          </exception> <!-- java.lang.AssertionError -->
          <reporter-output>
          </reporter-output>
        </test-method> <!-- verfifygradeTest -->
        <test-method is-config="true" signature="teardown()[pri:0, instance:hybridWeb.crm.qa.testcases.CurriculumPageTest@5c30a9b0]" started-at="2022-09-09T18:59:48 IST" name="teardown" finished-at="2022-09-09T18:59:48 IST" duration-ms="130" status="PASS">
          <reporter-output>
          </reporter-output>
        </test-method> <!-- teardown -->
        <test-method is-config="true" signature="setup()[pri:0, instance:hybridWeb.crm.qa.testcases.CurriculumPageTest@5c30a9b0]" started-at="2022-09-09T18:59:48 IST" name="setup" finished-at="2022-09-09T19:00:14 IST" duration-ms="26423" status="PASS">
          <reporter-output>
          </reporter-output>
        </test-method> <!-- setup -->
        <test-method signature="verifydownloadcurrTest()[pri:3, instance:hybridWeb.crm.qa.testcases.CurriculumPageTest@5c30a9b0]" started-at="2022-09-09T19:00:14 IST" name="verifydownloadcurrTest" finished-at="2022-09-09T19:00:15 IST" duration-ms="149" status="PASS">
          <reporter-output>
          </reporter-output>
        </test-method> <!-- verifydownloadcurrTest -->
        <test-method is-config="true" signature="teardown()[pri:0, instance:hybridWeb.crm.qa.testcases.CurriculumPageTest@5c30a9b0]" started-at="2022-09-09T19:00:15 IST" name="teardown" finished-at="2022-09-09T19:00:15 IST" duration-ms="60" status="PASS">
          <reporter-output>
          </reporter-output>
        </test-method> <!-- teardown -->
        <test-method is-config="true" signature="setup()[pri:0, instance:hybridWeb.crm.qa.testcases.CurriculumPageTest@5c30a9b0]" started-at="2022-09-09T19:00:15 IST" name="setup" finished-at="2022-09-09T19:00:43 IST" duration-ms="28730" status="PASS">
          <reporter-output>
          </reporter-output>
        </test-method> <!-- setup -->
        <test-method signature="verifyPayMonthlyRadioTest()[pri:4, instance:hybridWeb.crm.qa.testcases.CurriculumPageTest@5c30a9b0]" started-at="2022-09-09T19:00:43 IST" name="verifyPayMonthlyRadioTest" finished-at="2022-09-09T19:00:45 IST" duration-ms="1906" status="FAIL">
          <exception class="org.openqa.selenium.ElementClickInterceptedException">
            <message>
              <![CDATA[element click intercepted: Element is not clickable at point (876, 991)
  (Session info: chrome=105.0.5195.102)
Build info: version: '4.4.0', revision: 'e5c75ed026a'
System info: host: 'mandeeps-MacBook-Air.local', ip: '2401:4900:1f33:aa9c:4d5:146c:d7bf:cd62%en0', os.name: 'Mac OS X', os.arch: 'x86_64', os.version: '11.5.2', java.version: '17.0.1'
Driver info: org.openqa.selenium.chrome.ChromeDriver
Command: [5e7fc8cf61ecd3c8ddbeef707f9807bc, clickElement {id=98d2dcff-e55e-4742-ad87-08c75e232701}]
Capabilities {acceptInsecureCerts: false, browserName: chrome, browserVersion: 105.0.5195.102, chrome: {chromedriverVersion: 104.0.5112.79 (3cf3e8c8a07d..., userDataDir: /var/folders/g3/l59l2wlx2jx...}, goog:chromeOptions: {debuggerAddress: localhost:56883}, networkConnectionEnabled: false, pageLoadStrategy: normal, platformName: MAC, proxy: Proxy(), se:cdp: ws://localhost:56883/devtoo..., se:cdpVersion: 105.0.5195.102, setWindowRect: true, strictFileInteractability: false, timeouts: {implicit: 0, pageLoad: 300000, script: 30000}, unhandledPromptBehavior: dismiss and notify, webauthn:extension:credBlob: true, webauthn:extension:largeBlob: true, webauthn:virtualAuthenticators: true}
Element: [[ChromeDriver: chrome on MAC (5e7fc8cf61ecd3c8ddbeef707f9807bc)] -> css selector: input.css-1gy22ay[value="MONTHLY"]]
Session ID: 5e7fc8cf61ecd3c8ddbeef707f9807bc]]>
            </message>
            <full-stacktrace>
              <![CDATA[org.openqa.selenium.ElementClickInterceptedException: element click intercepted: Element is not clickable at point (876, 991)
  (Session info: chrome=105.0.5195.102)
Build info: version: '4.4.0', revision: 'e5c75ed026a'
System info: host: 'mandeeps-MacBook-Air.local', ip: '2401:4900:1f33:aa9c:4d5:146c:d7bf:cd62%en0', os.name: 'Mac OS X', os.arch: 'x86_64', os.version: '11.5.2', java.version: '17.0.1'
Driver info: org.openqa.selenium.chrome.ChromeDriver
Command: [5e7fc8cf61ecd3c8ddbeef707f9807bc, clickElement {id=98d2dcff-e55e-4742-ad87-08c75e232701}]
Capabilities {acceptInsecureCerts: false, browserName: chrome, browserVersion: 105.0.5195.102, chrome: {chromedriverVersion: 104.0.5112.79 (3cf3e8c8a07d..., userDataDir: /var/folders/g3/l59l2wlx2jx...}, goog:chromeOptions: {debuggerAddress: localhost:56883}, networkConnectionEnabled: false, pageLoadStrategy: normal, platformName: MAC, proxy: Proxy(), se:cdp: ws://localhost:56883/devtoo..., se:cdpVersion: 105.0.5195.102, setWindowRect: true, strictFileInteractability: false, timeouts: {implicit: 0, pageLoad: 300000, script: 30000}, unhandledPromptBehavior: dismiss and notify, webauthn:extension:credBlob: true, webauthn:extension:largeBlob: true, webauthn:virtualAuthenticators: true}
Element: [[ChromeDriver: chrome on MAC (5e7fc8cf61ecd3c8ddbeef707f9807bc)] -> css selector: input.css-1gy22ay[value="MONTHLY"]]
Session ID: 5e7fc8cf61ecd3c8ddbeef707f9807bc
at java.base/jdk.internal.reflect.NativeConstructorAccessorImpl.newInstance0(Native Method)
at java.base/jdk.internal.reflect.NativeConstructorAccessorImpl.newInstance(NativeConstructorAccessorImpl.java:77)
at java.base/jdk.internal.reflect.DelegatingConstructorAccessorImpl.newInstance(DelegatingConstructorAccessorImpl.java:45)
at java.base/java.lang.reflect.Constructor.newInstanceWithCaller(Constructor.java:499)
at java.base/java.lang.reflect.Constructor.newInstance(Constructor.java:480)
at org.openqa.selenium.remote.codec.w3c.W3CHttpResponseCodec.createException(W3CHttpResponseCodec.java:200)
at org.openqa.selenium.remote.codec.w3c.W3CHttpResponseCodec.decode(W3CHttpResponseCodec.java:133)
at org.openqa.selenium.remote.codec.w3c.W3CHttpResponseCodec.decode(W3CHttpResponseCodec.java:53)
at org.openqa.selenium.remote.HttpCommandExecutor.execute(HttpCommandExecutor.java:184)
at org.openqa.selenium.remote.service.DriverCommandExecutor.invokeExecute(DriverCommandExecutor.java:167)
at org.openqa.selenium.remote.service.DriverCommandExecutor.execute(DriverCommandExecutor.java:142)
at org.openqa.selenium.remote.RemoteWebDriver.execute(RemoteWebDriver.java:547)
at org.openqa.selenium.remote.RemoteWebElement.execute(RemoteWebElement.java:257)
at org.openqa.selenium.remote.RemoteWebElement.click(RemoteWebElement.java:78)
at jdk.internal.reflect.GeneratedMethodAccessor1.invoke(Unknown Source)
at java.base/jdk.internal.reflect.DelegatingMethodAccessorImpl.invoke(DelegatingMethodAccessorImpl.java:43)
at java.base/java.lang.reflect.Method.invoke(Method.java:568)
at org.openqa.selenium.support.events.EventFiringWebDriver$EventFiringWebElement.lambda$new$0(EventFiringWebDriver.java:377)
at jdk.proxy2/jdk.proxy2.$Proxy20.click(Unknown Source)
at org.openqa.selenium.support.events.EventFiringWebDriver$EventFiringWebElement.click(EventFiringWebDriver.java:390)
at jdk.internal.reflect.GeneratedMethodAccessor1.invoke(Unknown Source)
at java.base/jdk.internal.reflect.DelegatingMethodAccessorImpl.invoke(DelegatingMethodAccessorImpl.java:43)
at java.base/java.lang.reflect.Method.invoke(Method.java:568)
at org.openqa.selenium.support.pagefactory.internal.LocatingElementHandler.invoke(LocatingElementHandler.java:52)
at jdk.proxy2/jdk.proxy2.$Proxy19.click(Unknown Source)
at hybridWeb.crm.qa.pages.curriculumPage.checkradiopaymonthly(curriculumPage.java:49)
at hybridWeb.crm.qa.testcases.CurriculumPageTest.verifyPayMonthlyRadioTest(CurriculumPageTest.java:69)
at java.base/jdk.internal.reflect.NativeMethodAccessorImpl.invoke0(Native Method)
at java.base/jdk.internal.reflect.NativeMethodAccessorImpl.invoke(NativeMethodAccessorImpl.java:77)
at java.base/jdk.internal.reflect.DelegatingMethodAccessorImpl.invoke(DelegatingMethodAccessorImpl.java:43)
at java.base/java.lang.reflect.Method.invoke(Method.java:568)
at org.testng.internal.MethodInvocationHelper.invokeMethod(MethodInvocationHelper.java:133)
at org.testng.internal.TestInvoker.invokeMethod(TestInvoker.java:598)
at org.testng.internal.TestInvoker.invokeTestMethod(TestInvoker.java:173)
at org.testng.internal.MethodRunner.runInSequence(MethodRunner.java:46)
at org.testng.internal.TestInvoker$MethodInvocationAgent.invoke(TestInvoker.java:824)
at org.testng.internal.TestInvoker.invokeTestMethods(TestInvoker.java:146)
at org.testng.internal.TestMethodWorker.invokeTestMethods(TestMethodWorker.java:146)
at org.testng.internal.TestMethodWorker.run(TestMethodWorker.java:128)
at java.base/java.util.ArrayList.forEach(ArrayList.java:1511)
at org.testng.TestRunner.privateRun(TestRunner.java:794)
at org.testng.TestRunner.run(TestRunner.java:596)
at org.testng.SuiteRunner.runTest(SuiteRunner.java:377)
at org.testng.SuiteRunner.runSequentially(SuiteRunner.java:371)
at org.testng.SuiteRunner.privateRun(SuiteRunner.java:332)
at org.testng.SuiteRunner.run(SuiteRunner.java:276)
at org.testng.SuiteRunnerWorker.runSuite(SuiteRunnerWorker.java:53)
at org.testng.SuiteRunnerWorker.run(SuiteRunnerWorker.java:96)
at org.testng.TestNG.runSuitesSequentially(TestNG.java:1212)
at org.testng.TestNG.runSuitesLocally(TestNG.java:1134)
at org.testng.TestNG.runSuites(TestNG.java:1063)
at org.testng.TestNG.run(TestNG.java:1031)
at org.testng.remote.AbstractRemoteTestNG.run(AbstractRemoteTestNG.java:115)
at org.testng.remote.RemoteTestNG.initAndRun(RemoteTestNG.java:251)
at org.testng.remote.RemoteTestNG.main(RemoteTestNG.java:77)
]]>
            </full-stacktrace>
          </exception> <!-- org.openqa.selenium.ElementClickInterceptedException -->
          <reporter-output>
          </reporter-output>
        </test-method> <!-- verifyPayMonthlyRadioTest -->
        <test-method is-config="true" signature="teardown()[pri:0, instance:hybridWeb.crm.qa.testcases.CurriculumPageTest@5c30a9b0]" started-at="2022-09-09T19:00:45 IST" name="teardown" finished-at="2022-09-09T19:00:46 IST" duration-ms="199" status="PASS">
          <reporter-output>
          </reporter-output>
        </test-method> <!-- teardown -->
      </class> <!-- hybridWeb.crm.qa.testcases.CurriculumPageTest -->
      <class name="hybridWeb.crm.qa.testcases.dashboardPageTest">
        <test-method is-config="true" signature="setup()[pri:0, instance:hybridWeb.crm.qa.testcases.dashboardPageTest@30ee2816]" started-at="2022-09-09T18:57:14 IST" name="setup" finished-at="2022-09-09T18:57:38 IST" duration-ms="24125" status="PASS">
          <reporter-output>
          </reporter-output>
        </test-method> <!-- setup -->
        <test-method signature="verfifydashTitleTest()[pri:1, instance:hybridWeb.crm.qa.testcases.dashboardPageTest@30ee2816]" started-at="2022-09-09T18:57:38 IST" name="verfifydashTitleTest" finished-at="2022-09-09T18:57:40 IST" duration-ms="2135" status="PASS">
          <reporter-output>
          </reporter-output>
        </test-method> <!-- verfifydashTitleTest -->
        <test-method is-config="true" signature="teardown()[pri:0, instance:hybridWeb.crm.qa.testcases.dashboardPageTest@30ee2816]" started-at="2022-09-09T18:57:40 IST" name="teardown" finished-at="2022-09-09T18:57:41 IST" duration-ms="346" status="PASS">
          <reporter-output>
          </reporter-output>
        </test-method> <!-- teardown -->
        <test-method is-config="true" signature="setup()[pri:0, instance:hybridWeb.crm.qa.testcases.dashboardPageTest@30ee2816]" started-at="2022-09-09T18:57:41 IST" name="setup" finished-at="2022-09-09T18:58:05 IST" duration-ms="23856" status="PASS">
          <reporter-output>
          </reporter-output>
        </test-method> <!-- setup -->
        <test-method signature="verifydashTextTest()[pri:2, instance:hybridWeb.crm.qa.testcases.dashboardPageTest@30ee2816]" started-at="2022-09-09T18:58:05 IST" name="verifydashTextTest" finished-at="2022-09-09T18:58:06 IST" duration-ms="1527" status="PASS">
          <reporter-output>
          </reporter-output>
        </test-method> <!-- verifydashTextTest -->
        <test-method is-config="true" signature="teardown()[pri:0, instance:hybridWeb.crm.qa.testcases.dashboardPageTest@30ee2816]" started-at="2022-09-09T18:58:06 IST" name="teardown" finished-at="2022-09-09T18:58:06 IST" duration-ms="162" status="PASS">
          <reporter-output>
          </reporter-output>
        </test-method> <!-- teardown -->
        <test-method is-config="true" signature="setup()[pri:0, instance:hybridWeb.crm.qa.testcases.dashboardPageTest@30ee2816]" started-at="2022-09-09T18:58:06 IST" name="setup" finished-at="2022-09-09T18:58:28 IST" duration-ms="21896" status="PASS">
          <reporter-output>
          </reporter-output>
        </test-method> <!-- setup -->
        <test-method signature="verifydashUserTest()[pri:3, instance:hybridWeb.crm.qa.testcases.dashboardPageTest@30ee2816]" started-at="2022-09-09T18:58:28 IST" name="verifydashUserTest" finished-at="2022-09-09T18:58:29 IST" duration-ms="1283" status="FAIL">
          <exception class="java.lang.AssertionError">
            <message>
              <![CDATA[username of dashboard didnt match expected [Your Dashboard learningpython11@gmail.com] but found [Your Dashboard
learningpython11@gmail.com]]]>
            </message>
            <full-stacktrace>
              <![CDATA[java.lang.AssertionError: username of dashboard didnt match expected [Your Dashboard learningpython11@gmail.com] but found [Your Dashboard
learningpython11@gmail.com]
at org.testng.Assert.fail(Assert.java:99)
at org.testng.Assert.failNotEquals(Assert.java:1037)
at org.testng.Assert.assertEqualsImpl(Assert.java:140)
at org.testng.Assert.assertEquals(Assert.java:122)
at org.testng.Assert.assertEquals(Assert.java:629)
at hybridWeb.crm.qa.testcases.dashboardPageTest.verifydashUserTest(dashboardPageTest.java:62)
at java.base/jdk.internal.reflect.NativeMethodAccessorImpl.invoke0(Native Method)
at java.base/jdk.internal.reflect.NativeMethodAccessorImpl.invoke(NativeMethodAccessorImpl.java:77)
at java.base/jdk.internal.reflect.DelegatingMethodAccessorImpl.invoke(DelegatingMethodAccessorImpl.java:43)
at java.base/java.lang.reflect.Method.invoke(Method.java:568)
at org.testng.internal.MethodInvocationHelper.invokeMethod(MethodInvocationHelper.java:133)
at org.testng.internal.TestInvoker.invokeMethod(TestInvoker.java:598)
at org.testng.internal.TestInvoker.invokeTestMethod(TestInvoker.java:173)
at org.testng.internal.MethodRunner.runInSequence(MethodRunner.java:46)
at org.testng.internal.TestInvoker$MethodInvocationAgent.invoke(TestInvoker.java:824)
at org.testng.internal.TestInvoker.invokeTestMethods(TestInvoker.java:146)
at org.testng.internal.TestMethodWorker.invokeTestMethods(TestMethodWorker.java:146)
at org.testng.internal.TestMethodWorker.run(TestMethodWorker.java:128)
at java.base/java.util.ArrayList.forEach(ArrayList.java:1511)
at org.testng.TestRunner.privateRun(TestRunner.java:794)
at org.testng.TestRunner.run(TestRunner.java:596)
at org.testng.SuiteRunner.runTest(SuiteRunner.java:377)
at org.testng.SuiteRunner.runSequentially(SuiteRunner.java:371)
at org.testng.SuiteRunner.privateRun(SuiteRunner.java:332)
at org.testng.SuiteRunner.run(SuiteRunner.java:276)
at org.testng.SuiteRunnerWorker.runSuite(SuiteRunnerWorker.java:53)
at org.testng.SuiteRunnerWorker.run(SuiteRunnerWorker.java:96)
at org.testng.TestNG.runSuitesSequentially(TestNG.java:1212)
at org.testng.TestNG.runSuitesLocally(TestNG.java:1134)
at org.testng.TestNG.runSuites(TestNG.java:1063)
at org.testng.TestNG.run(TestNG.java:1031)
at org.testng.remote.AbstractRemoteTestNG.run(AbstractRemoteTestNG.java:115)
at org.testng.remote.RemoteTestNG.initAndRun(RemoteTestNG.java:251)
at org.testng.remote.RemoteTestNG.main(RemoteTestNG.java:77)
]]>
            </full-stacktrace>
          </exception> <!-- java.lang.AssertionError -->
          <reporter-output>
          </reporter-output>
        </test-method> <!-- verifydashUserTest -->
        <test-method is-config="true" signature="teardown()[pri:0, instance:hybridWeb.crm.qa.testcases.dashboardPageTest@30ee2816]" started-at="2022-09-09T18:58:30 IST" name="teardown" finished-at="2022-09-09T18:58:30 IST" duration-ms="158" status="PASS">
          <reporter-output>
          </reporter-output>
        </test-method> <!-- teardown -->
        <test-method is-config="true" signature="setup()[pri:0, instance:hybridWeb.crm.qa.testcases.dashboardPageTest@30ee2816]" started-at="2022-09-09T18:58:30 IST" name="setup" finished-at="2022-09-09T18:58:53 IST" duration-ms="22881" status="PASS">
          <reporter-output>
          </reporter-output>
        </test-method> <!-- setup -->
        <test-method signature="verifycurriculumLinkTest()[pri:4, instance:hybridWeb.crm.qa.testcases.dashboardPageTest@30ee2816]" started-at="2022-09-09T18:58:53 IST" name="verifycurriculumLinkTest" finished-at="2022-09-09T18:58:55 IST" duration-ms="2849" status="PASS">
          <reporter-output>
          </reporter-output>
        </test-method> <!-- verifycurriculumLinkTest -->
        <test-method is-config="true" signature="teardown()[pri:0, instance:hybridWeb.crm.qa.testcases.dashboardPageTest@30ee2816]" started-at="2022-09-09T18:58:55 IST" name="teardown" finished-at="2022-09-09T18:58:56 IST" duration-ms="227" status="PASS">
          <reporter-output>
          </reporter-output>
        </test-method> <!-- teardown -->
      </class> <!-- hybridWeb.crm.qa.testcases.dashboardPageTest -->
      <class name="hybridWeb.crm.qa.testcases.LoginPageTest">
        <test-method is-config="true" signature="setup()[pri:0, instance:hybridWeb.crm.qa.testcases.LoginPageTest@69b2283a]" started-at="2022-09-09T18:56:47 IST" name="setup" finished-at="2022-09-09T18:57:09 IST" duration-ms="21913" status="PASS">
          <reporter-output>
          </reporter-output>
        </test-method> <!-- setup -->
        <test-method signature="login()[pri:0, instance:hybridWeb.crm.qa.testcases.LoginPageTest@69b2283a]" started-at="2022-09-09T18:57:09 IST" name="login" finished-at="2022-09-09T18:57:14 IST" duration-ms="5300" status="PASS">
          <reporter-output>
          </reporter-output>
        </test-method> <!-- login -->
        <test-method is-config="true" signature="teardown()[pri:0, instance:hybridWeb.crm.qa.testcases.LoginPageTest@69b2283a]" started-at="2022-09-09T18:57:14 IST" name="teardown" finished-at="2022-09-09T18:57:14 IST" duration-ms="187" status="PASS">
          <reporter-output>
          </reporter-output>
        </test-method> <!-- teardown -->
      </class> <!-- hybridWeb.crm.qa.testcases.LoginPageTest -->
    </test> <!-- Student Dashboard -->
  </suite> <!-- Campk12 -->
</testng-results>
